[09:58:05.957] - Authenticate user: mikael
[10:50:20.123] - Authenticate user: mikael
[10:50:28.321] - Authenticate user: mikael
[10:51:16.084] - Authenticate user: admin
[10:52:23.362] - Authenticate user: anders
[11:00:15.671] - Authenticate user: mikael
[11:00:34.885] - Creating user: admin2
[11:00:45.666] - Authenticate user: admin2
[11:01:43.901] - Creating user: anders
[11:01:57.984] - Authenticate user: admin
[11:01:58.000] - Authentication failed. Invalid credentials.
[11:02:00.139] - Creating user: admin
[11:02:14.274] - Creating user: mikael
[11:02:50.817] - Authenticate user: anders
[11:07:54.006] - Authenticate user: anders
[11:13:11.695] - Authenticate user: anders
[11:15:25.651] - Creating user: anders
[11:17:06.313] - Creating user: mikael
[11:17:14.222] - Creating user: admin
[11:34:38.585] - Authenticate user: anders
[11:44:40.029] - Authenticate user: anders
[12:40:39.449] - Authenticate user: anders.
[12:40:39.502] - Authentication failed. Invalid credentials.
[12:40:46.340] - Authenticate user: anders
[12:43:17.774] - Authenticate user: anders
[12:47:30.260] - Authenticate user: 02L3LeIsmQ
[12:47:30.314] - Authentication failed. Invalid credentials.
[12:47:41.052] - Authenticate user: anders
[12:48:18.502] - Authenticate user: anders
[12:51:36.440] - Authenticate user: anders
[12:58:16.676] - Authenticate user: admin2
[12:58:16.699] - Authentication failed. Invalid credentials.
[12:58:25.295] - Creating user: admin2
[12:59:08.544] - Authenticate user: admin2
[13:02:10.236] - Creating user: admin2
[13:03:11.651] - Authenticate user: admin2
[13:04:21.269] - Authenticate user: admin2
[13:04:21.321] - Authentication failed. Invalid credentials.
[13:04:50.048] - Authenticate user: admin
[13:05:02.458] - Authenticate user: admin2
[13:05:02.475] - Authentication failed. Invalid credentials.
[13:05:12.351] - Creating user: admin2
[13:05:23.125] - Authenticate user: admin2
[13:08:38.831] - Authenticate user: admin2
[13:55:02.376] - Creating user: JohnBlund
[13:55:18.727] - Authenticate user: JohnBlund
[13:56:22.871] - Creating Calendar "Sovkalender" for JohnBlund
[14:03:17.994] - Authenticate user: JohnBlund
[14:03:57.702] - Authenticate user: JohnBlund
[14:13:52.337] - Authenticate user: JohnBlund
[14:14:05.348] - Authenticate user: JohnBlund
[14:33:11.581] - Authenticate user: JohnBlund
[14:49:18.917] - Authenticate user: JohnBlund
[14:49:24.363] - Creating Calendar "Sovkalender" for JohnBlund
[14:50:04.730] - Authenticate user: JohnBlund
[14:50:08.690] - Creating Calendar "Kalender" for JohnBlund
[14:50:54.614] - Authenticate user: JohnBlund
[14:51:04.358] - Creating Calendar "Test" for JohnBlund
[15:08:05.485] - Authenticate user: JohnBlund
[15:08:05.542] - Authentication failed. Invalid credentials.
[15:08:19.489] - Authenticate user: a
[15:08:19.508] - Authentication failed. Invalid credentials.
[15:08:22.761] - Creating user: JohnBlund
[15:08:32.585] - Authenticate user: JohnBlund
[15:12:13.734] - Authenticate user: JohnBlund
[15:13:01.823] - Creating meeting: Title
[15:13:01.855] - Error occurred while creating meeting: Title
[15:15:51.259] - Authenticate user: JohnBlund
[15:15:57.179] - Creating Calendar "Sovkalender" for JohnBlund
[15:25:22.753] - Authenticate user: JohnBlund
[15:26:04.209] - Authenticate user: JohnBlund
[15:26:36.967] - Creating meeting: MeetingTitle
[15:30:42.575] - Creating user: abc
[15:30:58.788] - Authenticate user: abc
[15:31:11.794] - Creating Calendar "First Calendar" for abc
[15:32:01.314] - Creating meeting: First Meeting
[15:33:15.955] - Creating meeting: Second Meeting
[15:36:23.901] - [Ljava.lang.StackTraceElement;@38467116
[15:36:58.353] - [Ljava.lang.StackTraceElement;@6f204a1a
[15:39:13.022] - Communications link failure

The last packet sent successfully to the server was 0 milliseconds ago. The driver has not received any packets from the server.
[17:55:54.751] - Authenticate user: mikael
[17:57:44.634] - Creating user: mikael
[17:58:58.899] - Authenticate user: mikael
[17:59:05.054] - Creating Calendar "Jobb" for mikael
[18:00:19.237] - Creating meeting: Intervju
[18:31:20.504] - Authenticate user: mikael
[18:32:29.452] - Creating meeting: Start
[18:36:12.494] - Authenticate user: mikael
[18:39:48.974] - Authenticate user: mikael
[15:40:50.344] - Authenticate user: mikael
[15:46:26.246] - Authenticate user: mikael
[15:51:27.811] - Authenticate user: mikael
[15:56:56.721] - Authenticate user: mikael
[16:01:11.748] - Authenticate user: mikael
[16:01:43.648] - Creating meeting: weeee
[16:01:54.327] - Creating user: anders
[16:02:18.609] - Authenticate user: anders
[16:03:12.795] - Creating meeting: Scrum meeting
[16:03:12.850] - Error occurred while creating meeting: Scrum meeting
[16:03:59.345] - Creating Calendar "Work" for anders
[16:04:29.003] - Creating meeting: Scrum
[16:04:50.483] - Authenticate user: mikael
[16:13:57.989] - Authenticate user: mikael
[16:14:04.307] - Creating Calendar "Work" for mikael
[16:14:09.601] - Creating Calendar "Privat" for mikael
[16:14:29.989] - Creating Calendar "Private" for mikael
[16:21:32.629] - Authenticate user: mikael
[16:23:33.917] - Authenticate user: mikael
[16:24:21.450] - Authenticate user: mikael
[16:27:12.010] - Authenticate user: mikael
[16:28:48.658] - Authenticate user: mikael
[16:29:12.116] - Authenticate user: mikael
[16:35:04.557] - Authenticate user: mikael
[16:35:13.171] - Creating Calendar "Work" for mikael
[16:35:20.245] - Creating Calendar "Private" for mikael
[16:37:15.487] - Authenticate user: mikael
[16:39:59.056] - Authenticate user: mikael
[16:41:07.138] - Creating meeting: Weee
[17:07:36.628] - Authenticate user: mika
[17:07:36.788] - Authentication failed. Invalid credentials.
[17:07:45.514] - Authenticate user: mikael
[17:08:01.206] - Creating Calendar "Semester" for mikael
[17:09:19.392] - Authenticate user: mikael
[17:10:18.313] - Creating meeting: Camping
[17:10:18.388] - Error occurred while creating meeting: Camping
[17:11:34.636] - Creating Calendar "Work" for mikael
[17:11:59.837] - Creating meeting: Scrum
[17:13:11.387] - Creating Calendar "Private" for mikael
[17:21:28.488] - Creating user: mikael
[17:23:21.728] - Authenticate user: mikael
[17:24:12.594] - Creating Calendar "Work" for mikael
[17:24:17.314] - Creating Calendar "Private" for mikael
[20:00:47.043] - Authenticate user: mikael
[20:07:37.187] - Authenticate user: mikael
[20:10:37.676] - Authenticate user: mikael
[20:16:45.027] - Authenticate user: mikael
[20:17:29.922] - Authenticate user: mikael
[20:31:07.562] - Authenticate user: mikael
[00:30:23.035] - Authenticate user: mikael
[00:31:45.130] - Authenticate user: mikael
[00:32:37.441] - Creating meeting: Trying the date time check
[00:37:50.000] - Authenticate user: mikael
[00:38:59.549] - Creating meeting: Trying to put an end date and time prior to start time
